2022-12-16 09:52:25,859 - lib.collabscore.parser - INFO - Loading schema file file:///Users/philippe/Documents/workspace/neuma/static/json/annotations/schema/annotation_schema.json from file:///Users/philippe/Documents/workspace/neuma/static/json/annotations/schema/
2022-12-16 09:52:25,863 - lib.collabscore.parser - INFO - Schema loaded
2022-12-16 09:53:53,731 - lib.collabscore.parser - INFO - Loading schema file file:///Users/philippe/Documents/workspace/neuma/static/json/annotations/schema/annotation_schema.json from file:///Users/philippe/Documents/workspace/neuma/static/json/annotations/schema/
2022-12-16 09:53:53,732 - lib.collabscore.parser - INFO - Schema loaded
2023-03-10 14:36:46,829 - lib.collabscore.parser - INFO - Loading schema file file:///Users/philippe/Documents/workspace/neuma/static/json/dmos/schema/dmos_schema.json from file:///Users/philippe/Documents/workspace/neuma/static/json/dmos/schema/
2023-03-10 14:36:46,838 - lib.collabscore.parser - INFO - Schema loaded
2023-03-10 14:36:46,973 - lib.collabscore.parser - INFO - Creating part P0
2023-03-10 14:36:46,973 - lib.collabscore.parser - INFO - Process measure 1
2023-06-30 17:25:20,248 - lib.collabscore.parser - INFO - Loading schema file file:///Users/philippe/Documents/workspace/neuma/static/json/dmos/schema/dmos_schema.json from file:///Users/philippe/Documents/workspace/neuma/static/json/dmos/schema/
2023-06-30 17:25:20,257 - lib.collabscore.parser - INFO - Schema loaded
2023-06-30 17:33:33,518 - lib.collabscore.parser - INFO - Loading schema file file:///Users/philippe/Documents/workspace/neuma/static/json/dmos/schema/dmos_schema.json from file:///Users/philippe/Documents/workspace/neuma/static/json/dmos/schema/
2023-06-30 17:33:33,528 - lib.collabscore.parser - INFO - Schema loaded
2023-06-30 17:33:45,126 - lib.collabscore.parser - INFO - Loading schema file file:///Users/philippe/Documents/workspace/neuma/static/json/dmos/schema/dmos_schema.json from file:///Users/philippe/Documents/workspace/neuma/static/json/dmos/schema/
2023-06-30 17:33:45,133 - lib.collabscore.parser - INFO - Schema loaded
2023-06-30 17:34:02,869 - lib.collabscore.parser - INFO - Loading schema file file:///Users/philippe/Documents/workspace/neuma/static/json/dmos/schema/dmos_schema.json from file:///Users/philippe/Documents/workspace/neuma/static/json/dmos/schema/
2023-06-30 17:34:02,881 - lib.collabscore.parser - INFO - Schema loaded
2023-06-30 17:34:13,859 - lib.collabscore.parser - INFO - Loading schema file file:///Users/philippe/Documents/workspace/neuma/static/json/dmos/schema/dmos_schema.json from file:///Users/philippe/Documents/workspace/neuma/static/json/dmos/schema/
2023-06-30 17:34:13,866 - lib.collabscore.parser - INFO - Schema loaded
2023-06-30 17:36:23,112 - lib.collabscore.parser - INFO - Loading schema file file:///Users/philippe/Documents/workspace/neuma/static/json/dmos/schema/dmos_schema.json from file:///Users/philippe/Documents/workspace/neuma/static/json/dmos/schema/
2023-06-30 17:36:23,121 - lib.collabscore.parser - INFO - Schema loaded
2023-06-30 17:36:35,903 - lib.collabscore.parser - INFO - Loading schema file file:///Users/philippe/Documents/workspace/neuma/static/json/dmos/schema/dmos_schema.json from file:///Users/philippe/Documents/workspace/neuma/static/json/dmos/schema/
2023-06-30 17:36:35,911 - lib.collabscore.parser - INFO - Schema loaded
2023-06-30 17:37:21,761 - lib.collabscore.parser - INFO - Loading schema file file:///Users/philippe/Documents/workspace/neuma/static/json/dmos/schema/dmos_schema.json from file:///Users/philippe/Documents/workspace/neuma/static/json/dmos/schema/
2023-06-30 17:37:21,770 - lib.collabscore.parser - INFO - Schema loaded
2023-06-30 17:38:42,763 - lib.collabscore.parser - INFO - Loading schema file file:///Users/philippe/Documents/workspace/neuma/static/json/dmos/schema/dmos_schema.json from file:///Users/philippe/Documents/workspace/neuma/static/json/dmos/schema/
2023-06-30 17:38:42,772 - lib.collabscore.parser - INFO - Schema loaded
2023-06-30 17:38:42,884 - lib.collabscore.parser - INFO - Creating part P0
2023-06-30 17:38:42,884 - lib.collabscore.parser - INFO - Process measure 1
2023-06-30 17:38:42,885 - lib.collabscore.parser - INFO - Adding event P0m11n1 to voice 1
2023-06-30 17:38:42,885 - lib.collabscore.parser - INFO - Adding event P0m11n2 to voice 1
2023-06-30 17:38:42,885 - lib.collabscore.parser - INFO - Adding event P0m11n3 to voice 1
2023-06-30 17:38:42,885 - lib.collabscore.parser - INFO - Adding event P0m11n4 to voice 1
2023-06-30 17:38:42,886 - lib.collabscore.parser - INFO - Adding event P0m11n5 to voice 1
2023-06-30 17:38:42,886 - lib.collabscore.parser - INFO - Adding event P0m11n6 to voice 1
2023-06-30 17:38:42,886 - lib.collabscore.parser - INFO - Adding event P0m11n7 to voice 1
2023-06-30 17:38:42,886 - lib.collabscore.parser - INFO - Adding event P0m11n8 to voice 1
2023-06-30 17:38:42,886 - lib.collabscore.parser - INFO - Adding event P0m11n9 to voice 1
2023-06-30 17:38:42,886 - lib.collabscore.parser - INFO - Adding event P0m11n10 to voice 1
2023-06-30 17:38:42,887 - lib.collabscore.parser - INFO - Adding event P0m11n11 to voice 1
2023-06-30 17:38:42,887 - lib.collabscore.parser - INFO - Adding event P0m11n12 to voice 1
2023-06-30 17:39:27,237 - lib.collabscore.parser - INFO - Loading schema file file:///Users/philippe/Documents/workspace/neuma/static/json/dmos/schema/dmos_schema.json from file:///Users/philippe/Documents/workspace/neuma/static/json/dmos/schema/
2023-06-30 17:39:27,245 - lib.collabscore.parser - INFO - Schema loaded
2023-06-30 17:39:27,352 - lib.collabscore.parser - INFO - Creating part P0
2023-06-30 17:39:27,352 - lib.collabscore.parser - INFO - Process measure 1
2023-06-30 17:39:27,353 - lib.collabscore.parser - INFO - Adding event P0m11n1 to voice 1
2023-06-30 17:39:27,353 - lib.collabscore.parser - INFO - Adding event P0m11n2 to voice 1
2023-06-30 17:39:27,353 - lib.collabscore.parser - INFO - Adding event P0m11n3 to voice 1
2023-06-30 17:39:27,353 - lib.collabscore.parser - INFO - Adding event P0m11n4 to voice 1
2023-06-30 17:39:27,353 - lib.collabscore.parser - INFO - Adding event P0m11n5 to voice 1
2023-06-30 17:39:27,353 - lib.collabscore.parser - INFO - Adding event P0m11n6 to voice 1
2023-06-30 17:39:27,354 - lib.collabscore.parser - INFO - Adding event P0m11n7 to voice 1
2023-06-30 17:39:27,354 - lib.collabscore.parser - INFO - Adding event P0m11n8 to voice 1
2023-06-30 17:39:27,354 - lib.collabscore.parser - INFO - Adding event P0m11n9 to voice 1
2023-06-30 17:39:27,354 - lib.collabscore.parser - INFO - Adding event P0m11n10 to voice 1
2023-06-30 17:39:27,354 - lib.collabscore.parser - INFO - Adding event P0m11n11 to voice 1
2023-06-30 17:39:27,354 - lib.collabscore.parser - INFO - Adding event P0m11n12 to voice 1
2023-06-30 17:40:26,562 - lib.collabscore.parser - INFO - Loading schema file file:///Users/philippe/Documents/workspace/neuma/static/json/dmos/schema/dmos_schema.json from file:///Users/philippe/Documents/workspace/neuma/static/json/dmos/schema/
2023-06-30 17:40:26,570 - lib.collabscore.parser - INFO - Schema loaded
2023-06-30 17:40:26,687 - lib.collabscore.parser - INFO - Creating part P0
2023-06-30 17:40:26,687 - lib.collabscore.parser - INFO - Process measure 1
2023-06-30 17:40:26,688 - lib.collabscore.parser - INFO - Adding event P0m11n1 to voice 1
2023-06-30 17:40:26,688 - lib.collabscore.parser - INFO - Adding event P0m11n2 to voice 1
2023-06-30 17:40:26,688 - lib.collabscore.parser - INFO - Adding event P0m11n3 to voice 1
2023-06-30 17:40:26,688 - lib.collabscore.parser - INFO - Adding event P0m11n4 to voice 1
2023-06-30 17:40:26,688 - lib.collabscore.parser - INFO - Adding event P0m11n5 to voice 1
2023-06-30 17:40:26,689 - lib.collabscore.parser - INFO - Adding event P0m11n6 to voice 1
2023-06-30 17:40:26,689 - lib.collabscore.parser - INFO - Adding event P0m11n7 to voice 1
2023-06-30 17:40:26,690 - lib.collabscore.parser - INFO - Adding event P0m11n8 to voice 1
2023-06-30 17:40:26,690 - lib.collabscore.parser - INFO - Adding event P0m11n9 to voice 1
2023-06-30 17:40:26,690 - lib.collabscore.parser - INFO - Adding event P0m11n10 to voice 1
2023-06-30 17:40:26,691 - lib.collabscore.parser - INFO - Adding event P0m11n11 to voice 1
2023-06-30 17:40:26,691 - lib.collabscore.parser - INFO - Adding event P0m11n12 to voice 1
2023-06-30 17:40:58,876 - lib.collabscore.parser - INFO - Loading schema file file:///Users/philippe/Documents/workspace/neuma/static/json/dmos/schema/dmos_schema.json from file:///Users/philippe/Documents/workspace/neuma/static/json/dmos/schema/
2023-06-30 17:40:58,886 - lib.collabscore.parser - INFO - Schema loaded
2023-06-30 17:40:59,008 - lib.collabscore.parser - INFO - Creating part P0
2023-06-30 17:40:59,008 - lib.collabscore.parser - INFO - Process measure 1
2023-06-30 17:40:59,009 - lib.collabscore.parser - INFO - Adding event P0m11n1 to voice 1
2023-06-30 17:40:59,009 - lib.collabscore.parser - INFO - Adding event P0m11n2 to voice 1
2023-06-30 17:40:59,009 - lib.collabscore.parser - INFO - Adding event P0m11n3 to voice 1
2023-06-30 17:40:59,009 - lib.collabscore.parser - INFO - Adding event P0m11n4 to voice 1
2023-06-30 17:40:59,009 - lib.collabscore.parser - INFO - Adding event P0m11n5 to voice 1
2023-06-30 17:40:59,009 - lib.collabscore.parser - INFO - Adding event P0m11n6 to voice 1
2023-06-30 17:40:59,010 - lib.collabscore.parser - INFO - Adding event P0m11n7 to voice 1
2023-06-30 17:40:59,010 - lib.collabscore.parser - INFO - Adding event P0m11n8 to voice 1
2023-06-30 17:40:59,010 - lib.collabscore.parser - INFO - Adding event P0m11n9 to voice 1
2023-06-30 17:40:59,010 - lib.collabscore.parser - INFO - Adding event P0m11n10 to voice 1
2023-06-30 17:40:59,010 - lib.collabscore.parser - INFO - Adding event P0m11n11 to voice 1
2023-06-30 17:40:59,010 - lib.collabscore.parser - INFO - Adding event P0m11n12 to voice 1
2023-06-30 17:41:21,203 - lib.collabscore.parser - INFO - Loading schema file file:///Users/philippe/Documents/workspace/neuma/static/json/dmos/schema/dmos_schema.json from file:///Users/philippe/Documents/workspace/neuma/static/json/dmos/schema/
2023-06-30 17:41:21,213 - lib.collabscore.parser - INFO - Schema loaded
2023-06-30 17:41:21,334 - lib.collabscore.parser - INFO - Creating part P0
2023-06-30 17:41:21,334 - lib.collabscore.parser - INFO - Process measure 1
2023-06-30 17:41:21,334 - lib.collabscore.parser - INFO - Adding event P0m11n1 to voice 1
2023-06-30 17:41:21,335 - lib.collabscore.parser - INFO - Adding event P0m11n2 to voice 1
2023-06-30 17:41:21,335 - lib.collabscore.parser - INFO - Adding event P0m11n3 to voice 1
2023-06-30 17:41:21,335 - lib.collabscore.parser - INFO - Adding event P0m11n4 to voice 1
2023-06-30 17:41:21,335 - lib.collabscore.parser - INFO - Adding event P0m11n5 to voice 1
2023-06-30 17:41:21,335 - lib.collabscore.parser - INFO - Adding event P0m11n6 to voice 1
2023-06-30 17:41:21,335 - lib.collabscore.parser - INFO - Adding event P0m11n7 to voice 1
2023-06-30 17:41:21,336 - lib.collabscore.parser - INFO - Adding event P0m11n8 to voice 1
2023-06-30 17:41:21,336 - lib.collabscore.parser - INFO - Adding event P0m11n9 to voice 1
2023-06-30 17:41:21,336 - lib.collabscore.parser - INFO - Adding event P0m11n10 to voice 1
2023-06-30 17:41:21,336 - lib.collabscore.parser - INFO - Adding event P0m11n11 to voice 1
2023-06-30 17:41:21,336 - lib.collabscore.parser - INFO - Adding event P0m11n12 to voice 1
2023-06-30 17:43:48,621 - lib.collabscore.parser - INFO - Loading schema file file:///Users/philippe/Documents/workspace/neuma/static/json/dmos/schema/dmos_schema.json from file:///Users/philippe/Documents/workspace/neuma/static/json/dmos/schema/
2023-06-30 17:43:48,629 - lib.collabscore.parser - INFO - Schema loaded
2023-06-30 17:43:48,743 - lib.collabscore.parser - INFO - Creating part P0
2023-06-30 17:43:48,743 - lib.collabscore.parser - INFO - Process measure 1
2023-06-30 17:43:48,743 - lib.collabscore.parser - INFO - Adding event P0m11n1 to voice 1
2023-06-30 17:43:48,743 - lib.collabscore.parser - INFO - Adding event P0m11n2 to voice 1
2023-06-30 17:43:48,744 - lib.collabscore.parser - INFO - Adding event P0m11n3 to voice 1
2023-06-30 17:43:48,744 - lib.collabscore.parser - INFO - Adding event P0m11n4 to voice 1
2023-06-30 17:43:48,744 - lib.collabscore.parser - INFO - Adding event P0m11n5 to voice 1
2023-06-30 17:43:48,744 - lib.collabscore.parser - INFO - Adding event P0m11n6 to voice 1
2023-06-30 17:43:48,744 - lib.collabscore.parser - INFO - Adding event P0m11n7 to voice 1
2023-06-30 17:43:48,744 - lib.collabscore.parser - INFO - Adding event P0m11n8 to voice 1
2023-06-30 17:43:48,745 - lib.collabscore.parser - INFO - Adding event P0m11n9 to voice 1
2023-06-30 17:43:48,745 - lib.collabscore.parser - INFO - Adding event P0m11n10 to voice 1
2023-06-30 17:43:48,745 - lib.collabscore.parser - INFO - Adding event P0m11n11 to voice 1
2023-06-30 17:43:48,746 - lib.collabscore.parser - INFO - Adding event P0m11n12 to voice 1
2023-06-30 17:44:25,885 - lib.collabscore.parser - INFO - Loading schema file file:///Users/philippe/Documents/workspace/neuma/static/json/dmos/schema/dmos_schema.json from file:///Users/philippe/Documents/workspace/neuma/static/json/dmos/schema/
2023-06-30 17:44:25,893 - lib.collabscore.parser - INFO - Schema loaded
2023-06-30 17:44:26,004 - lib.collabscore.parser - INFO - Creating part P0
2023-06-30 17:44:26,005 - lib.collabscore.parser - INFO - Process measure 1
2023-06-30 17:44:26,005 - lib.collabscore.parser - INFO - Adding event P0m11n1 to voice 1
2023-06-30 17:44:26,006 - lib.collabscore.parser - INFO - Adding event P0m11n2 to voice 1
2023-06-30 17:44:26,006 - lib.collabscore.parser - INFO - Adding event P0m11n3 to voice 1
2023-06-30 17:44:26,006 - lib.collabscore.parser - INFO - Adding event P0m11n4 to voice 1
2023-06-30 17:44:26,006 - lib.collabscore.parser - INFO - Adding event P0m11n5 to voice 1
2023-06-30 17:44:26,006 - lib.collabscore.parser - INFO - Adding event P0m11n6 to voice 1
2023-06-30 17:44:26,006 - lib.collabscore.parser - INFO - Adding event P0m11n7 to voice 1
2023-06-30 17:44:26,007 - lib.collabscore.parser - INFO - Adding event P0m11n8 to voice 1
2023-06-30 17:44:26,007 - lib.collabscore.parser - INFO - Adding event P0m11n9 to voice 1
2023-06-30 17:44:26,007 - lib.collabscore.parser - INFO - Adding event P0m11n10 to voice 1
2023-06-30 17:44:26,007 - lib.collabscore.parser - INFO - Adding event P0m11n11 to voice 1
2023-06-30 17:44:26,007 - lib.collabscore.parser - INFO - Adding event P0m11n12 to voice 1
2023-06-30 17:44:47,553 - lib.collabscore.parser - INFO - Loading schema file file:///Users/philippe/Documents/workspace/neuma/static/json/dmos/schema/dmos_schema.json from file:///Users/philippe/Documents/workspace/neuma/static/json/dmos/schema/
2023-06-30 17:44:47,562 - lib.collabscore.parser - INFO - Schema loaded
2023-06-30 17:44:47,674 - lib.collabscore.parser - INFO - Creating part P0
2023-06-30 17:44:47,675 - lib.collabscore.parser - INFO - Process measure 1
2023-06-30 17:44:47,675 - lib.collabscore.parser - INFO - Adding event P0m11n1 to voice 1
2023-06-30 17:44:47,675 - lib.collabscore.parser - INFO - Adding event P0m11n2 to voice 1
2023-06-30 17:44:47,675 - lib.collabscore.parser - INFO - Adding event P0m11n3 to voice 1
2023-06-30 17:44:47,676 - lib.collabscore.parser - INFO - Adding event P0m11n4 to voice 1
2023-06-30 17:44:47,676 - lib.collabscore.parser - INFO - Adding event P0m11n5 to voice 1
2023-06-30 17:44:47,676 - lib.collabscore.parser - INFO - Adding event P0m11n6 to voice 1
2023-06-30 17:44:47,676 - lib.collabscore.parser - INFO - Adding event P0m11n7 to voice 1
2023-06-30 17:44:47,676 - lib.collabscore.parser - INFO - Adding event P0m11n8 to voice 1
2023-06-30 17:44:47,676 - lib.collabscore.parser - INFO - Adding event P0m11n9 to voice 1
2023-06-30 17:44:47,677 - lib.collabscore.parser - INFO - Adding event P0m11n10 to voice 1
2023-06-30 17:44:47,677 - lib.collabscore.parser - INFO - Adding event P0m11n11 to voice 1
2023-06-30 17:44:47,677 - lib.collabscore.parser - INFO - Adding event P0m11n12 to voice 1
2023-06-30 17:47:33,674 - lib.collabscore.parser - INFO - Loading schema file file:///Users/philippe/Documents/workspace/neuma/static/json/dmos/schema/dmos_schema.json from file:///Users/philippe/Documents/workspace/neuma/static/json/dmos/schema/
2023-06-30 17:47:33,681 - lib.collabscore.parser - INFO - Schema loaded
2023-06-30 17:47:33,802 - lib.collabscore.parser - INFO - Creating part P0
2023-06-30 17:47:33,803 - lib.collabscore.parser - INFO - Process measure 1
2023-06-30 17:47:33,803 - lib.collabscore.parser - INFO - Adding event P0m11n1 to voice 1
2023-06-30 17:47:33,803 - lib.collabscore.parser - INFO - Adding event P0m11n2 to voice 1
2023-06-30 17:47:33,803 - lib.collabscore.parser - INFO - Adding event P0m11n3 to voice 1
2023-06-30 17:47:33,804 - lib.collabscore.parser - INFO - Adding event P0m11n4 to voice 1
2023-06-30 17:47:33,804 - lib.collabscore.parser - INFO - Adding event P0m11n5 to voice 1
2023-06-30 17:47:33,804 - lib.collabscore.parser - INFO - Adding event P0m11n6 to voice 1
2023-06-30 17:47:33,804 - lib.collabscore.parser - INFO - Adding event P0m11n7 to voice 1
2023-06-30 17:47:33,804 - lib.collabscore.parser - INFO - Adding event P0m11n8 to voice 1
2023-06-30 17:47:33,804 - lib.collabscore.parser - INFO - Adding event P0m11n9 to voice 1
2023-06-30 17:47:33,804 - lib.collabscore.parser - INFO - Adding event P0m11n10 to voice 1
2023-06-30 17:47:33,805 - lib.collabscore.parser - INFO - Adding event P0m11n11 to voice 1
2023-06-30 17:47:33,805 - lib.collabscore.parser - INFO - Adding event P0m11n12 to voice 1
2023-07-01 05:18:57,516 - lib.collabscore.parser - INFO - Loading schema file file:///Users/philippe/Documents/workspace/neuma/static/json/dmos/schema/dmos_schema.json from file:///Users/philippe/Documents/workspace/neuma/static/json/dmos/schema/
2023-07-01 05:18:57,535 - lib.collabscore.parser - INFO - Schema loaded
2023-07-01 05:18:57,674 - lib.collabscore.parser - INFO - Creating part P0
2023-07-01 05:18:57,674 - lib.collabscore.parser - INFO - Process measure 1
2023-07-01 05:18:57,674 - lib.collabscore.parser - INFO - Adding event P0m11n1 to voice 1
2023-07-01 05:18:57,675 - lib.collabscore.parser - INFO - Adding event P0m11n4 to voice 1
2023-07-01 05:18:57,675 - lib.collabscore.parser - INFO - Adding event P0m11n6 to voice 1
2023-07-01 05:18:57,675 - lib.collabscore.parser - INFO - Adding event P0m11n7 to voice 1
2023-07-01 05:18:57,675 - lib.collabscore.parser - INFO - Adding event P0m11n8 to voice 1
2023-07-01 05:18:57,676 - lib.collabscore.parser - INFO - Adding event P0m11n9 to voice 1
2023-07-01 05:18:57,676 - lib.collabscore.parser - INFO - Adding event P0m11n10 to voice 1
2023-07-01 05:18:57,676 - lib.collabscore.parser - INFO - Adding event P0m11n11 to voice 1
2023-07-01 05:18:57,676 - lib.collabscore.parser - INFO - Adding event P0m11n12 to voice 1
2023-07-01 05:18:57,676 - lib.collabscore.parser - INFO - Adding event P0m11n13 to voice 1
2023-07-01 05:18:57,677 - lib.collabscore.parser - INFO - Adding event P0m11n14 to voice 1
2023-07-01 05:18:57,677 - lib.collabscore.parser - INFO - Adding event P0m11n15 to voice 1
2023-07-01 05:20:35,312 - lib.collabscore.parser - INFO - Loading schema file file:///Users/philippe/Documents/workspace/neuma/static/json/dmos/schema/dmos_schema.json from file:///Users/philippe/Documents/workspace/neuma/static/json/dmos/schema/
2023-07-01 05:20:35,322 - lib.collabscore.parser - INFO - Schema loaded
2023-07-01 05:20:35,426 - lib.collabscore.parser - INFO - Creating part P0
2023-07-01 05:20:35,427 - lib.collabscore.parser - INFO - Process measure 1
2023-07-01 05:20:35,427 - lib.collabscore.parser - INFO - Adding event P0m11n1 to voice 1
2023-07-01 05:20:35,427 - lib.collabscore.parser - INFO - Adding event P0m11n4 to voice 1
2023-07-01 05:20:35,427 - lib.collabscore.parser - INFO - Adding event P0m11n6 to voice 1
2023-07-01 05:20:35,428 - lib.collabscore.parser - INFO - Adding event P0m11n7 to voice 1
2023-07-01 05:20:35,428 - lib.collabscore.parser - INFO - Adding event P0m11n8 to voice 1
2023-07-01 05:20:35,428 - lib.collabscore.parser - INFO - Adding event P0m11n9 to voice 1
2023-07-01 05:20:35,428 - lib.collabscore.parser - INFO - Adding event P0m11n10 to voice 1
2023-07-01 05:20:35,428 - lib.collabscore.parser - INFO - Adding event P0m11n11 to voice 1
2023-07-01 05:20:35,429 - lib.collabscore.parser - INFO - Adding event P0m11n12 to voice 1
2023-07-01 05:20:35,429 - lib.collabscore.parser - INFO - Adding event P0m11n13 to voice 1
2023-07-01 05:20:35,429 - lib.collabscore.parser - INFO - Adding event P0m11n14 to voice 1
2023-07-01 05:20:35,429 - lib.collabscore.parser - INFO - Adding event P0m11n15 to voice 1
2023-07-01 05:24:01,986 - lib.collabscore.parser - INFO - Loading schema file file:///Users/philippe/Documents/workspace/neuma/static/json/dmos/schema/dmos_schema.json from file:///Users/philippe/Documents/workspace/neuma/static/json/dmos/schema/
2023-07-01 05:24:01,994 - lib.collabscore.parser - INFO - Schema loaded
2023-07-01 05:24:02,119 - lib.collabscore.parser - INFO - Creating part P0
2023-07-01 05:24:02,120 - lib.collabscore.parser - INFO - Process measure 1
2023-07-01 05:24:02,121 - lib.collabscore.parser - INFO - Adding event P0m11n1 to voice 1
2023-07-01 05:24:02,121 - lib.collabscore.parser - INFO - Adding event P0m11n4 to voice 1
2023-07-01 05:24:02,121 - lib.collabscore.parser - INFO - Adding event P0m11n6 to voice 1
2023-07-01 05:24:02,121 - lib.collabscore.parser - INFO - Adding event P0m11n7 to voice 1
2023-07-01 05:24:02,122 - lib.collabscore.parser - INFO - Adding event P0m11n8 to voice 1
2023-07-01 05:24:02,122 - lib.collabscore.parser - INFO - Adding event P0m11n9 to voice 1
2023-07-01 05:24:02,122 - lib.collabscore.parser - INFO - Adding event P0m11n10 to voice 1
2023-07-01 05:24:02,122 - lib.collabscore.parser - INFO - Adding event P0m11n11 to voice 1
2023-07-01 05:24:02,122 - lib.collabscore.parser - INFO - Adding event P0m11n12 to voice 1
2023-07-01 05:24:02,126 - lib.collabscore.parser - INFO - Adding event P0m11n13 to voice 1
2023-07-01 05:24:02,126 - lib.collabscore.parser - INFO - Adding event P0m11n14 to voice 1
2023-07-01 05:24:02,126 - lib.collabscore.parser - INFO - Adding event P0m11n15 to voice 1
2023-07-01 05:33:42,510 - lib.collabscore.parser - INFO - Loading schema file file:///Users/philippe/Documents/workspace/neuma/static/json/dmos/schema/dmos_schema.json from file:///Users/philippe/Documents/workspace/neuma/static/json/dmos/schema/
2023-07-01 05:33:42,519 - lib.collabscore.parser - INFO - Schema loaded
2023-07-01 05:33:42,638 - lib.collabscore.parser - INFO - Creating part P0
2023-07-01 05:33:42,639 - lib.collabscore.parser - INFO - Process measure 1
2023-07-01 05:33:42,639 - lib.collabscore.parser - INFO - Adding event P0m11n1 to voice 1
2023-07-01 05:33:42,639 - lib.collabscore.parser - INFO - Adding event P0m11n4 to voice 1
2023-07-01 05:33:42,639 - lib.collabscore.parser - INFO - Adding event P0m11n6 to voice 1
2023-07-01 05:33:42,640 - lib.collabscore.parser - INFO - Adding event P0m11n7 to voice 1
2023-07-01 05:33:42,640 - lib.collabscore.parser - INFO - Adding event P0m11n8 to voice 1
2023-07-01 05:33:42,640 - lib.collabscore.parser - INFO - Adding event P0m11n9 to voice 1
2023-07-01 05:33:42,640 - lib.collabscore.parser - INFO - Adding event P0m11n10 to voice 1
2023-07-01 05:33:42,640 - lib.collabscore.parser - INFO - Adding event P0m11n11 to voice 1
2023-07-01 05:33:42,640 - lib.collabscore.parser - INFO - Adding event P0m11n12 to voice 1
2023-07-01 05:33:42,641 - lib.collabscore.parser - INFO - Adding event P0m11n13 to voice 1
2023-07-01 05:33:42,641 - lib.collabscore.parser - INFO - Adding event P0m11n14 to voice 1
2023-07-01 05:33:42,641 - lib.collabscore.parser - INFO - Adding event P0m11n15 to voice 1
2023-07-01 05:37:00,260 - lib.collabscore.parser - INFO - Loading schema file file:///Users/philippe/Documents/workspace/neuma/static/json/dmos/schema/dmos_schema.json from file:///Users/philippe/Documents/workspace/neuma/static/json/dmos/schema/
2023-07-01 05:37:00,268 - lib.collabscore.parser - INFO - Schema loaded
2023-07-01 05:37:00,386 - lib.collabscore.parser - INFO - Creating part P0
2023-07-01 05:37:00,386 - lib.collabscore.parser - INFO - Process measure 1
2023-07-01 05:37:00,386 - lib.collabscore.parser - INFO - Adding event P0m11n1 to voice 1
2023-07-01 05:37:00,387 - lib.collabscore.parser - INFO - Adding event P0m11n4 to voice 1
2023-07-01 05:37:00,387 - lib.collabscore.parser - INFO - Adding event P0m11n6 to voice 1
2023-07-01 05:37:00,387 - lib.collabscore.parser - INFO - Adding event P0m11n7 to voice 1
2023-07-01 05:37:00,387 - lib.collabscore.parser - INFO - Adding event P0m11n8 to voice 1
2023-07-01 05:37:00,387 - lib.collabscore.parser - INFO - Adding event P0m11n9 to voice 1
2023-07-01 05:37:00,387 - lib.collabscore.parser - INFO - Adding event P0m11n10 to voice 1
2023-07-01 05:37:00,388 - lib.collabscore.parser - INFO - Adding event P0m11n11 to voice 1
2023-07-01 05:37:00,388 - lib.collabscore.parser - INFO - Adding event P0m11n12 to voice 1
2023-07-01 05:37:00,388 - lib.collabscore.parser - INFO - Adding event P0m11n13 to voice 1
2023-07-01 05:37:00,388 - lib.collabscore.parser - INFO - Adding event P0m11n14 to voice 1
2023-07-01 05:37:00,388 - lib.collabscore.parser - INFO - Adding event P0m11n15 to voice 1
